admin_app/build/intermediates/manifest_merge_blame_file/debug/manifest-merger-blame-debug-report.txt
1<?xml version="1.0" encoding="utf-8"?>
2<manifest xmlns:android="http://schemas.android.com/apk/res/android"
3    package="com.rcdiarycollegedept.admin_app"
4    android:versionCode="1"
5    android:versionName="1.0" >
6
7    <uses-sdk
8        android:minSdkVersion="30"
8-->src\main\AndroidManifest.xml
9        android:targetSdkVersion="33" />
9-->src\main\AndroidManifest.xml
10
11    <uses-permission android:name="android.permission.INTERNET" />
11-->src\main\AndroidManifest.xml:5:5-66
11-->src\main\AndroidManifest.xml:5:22-64
12    <uses-permission android:name="android.permission.ACCESS_NETWORK_STATE" />
12-->[com.google.firebase:firebase-auth:22.1.2] AndroidManifest.xml:26:5-79
12-->[com.google.firebase:firebase-auth:22.1.2] AndroidManifest.xml:26:22-76
13    <uses-permission android:name="android.permission.WAKE_LOCK" />
13-->[com.google.android.gms:play-services-measurement-api:21.3.0] AndroidManifest.xml:24:5-68
13-->[com.google.android.gms:play-services-measurement-api:21.3.0] AndroidManifest.xml:24:22-65
14    <uses-permission android:name="com.google.android.gms.permission.AD_ID" />
14-->[com.google.android.gms:play-services-measurement-api:21.3.0] AndroidManifest.xml:25:5-79
14-->[com.google.android.gms:play-services-measurement-api:21.3.0] AndroidManifest.xml:25:22-76
15    <uses-permission android:name="com.google.android.finsky.permission.BIND_GET_INSTALL_REFERRER_SERVICE" />
15-->[com.google.android.gms:play-services-measurement:21.3.0] AndroidManifest.xml:26:5-110
15-->[com.google.android.gms:play-services-measurement:21.3.0] AndroidManifest.xml:26:22-107
16
17    <permission
17-->[androidx.core:core:1.9.0] AndroidManifest.xml:22:5-24:47
18        android:name="com.rcdiarycollegedept.admin_app.DYNAMIC_RECEIVER_NOT_EXPORTED_PERMISSION"
18-->[androidx.core:core:1.9.0] AndroidManifest.xml:23:9-81
19        android:protectionLevel="signature" />
19-->[androidx.core:core:1.9.0] AndroidManifest.xml:24:9-44
20
21    <uses-permission android:name="com.rcdiarycollegedept.admin_app.DYNAMIC_RECEIVER_NOT_EXPORTED_PERMISSION" />
21-->[androidx.core:core:1.9.0] AndroidManifest.xml:26:5-97
21-->[androidx.core:core:1.9.0] AndroidManifest.xml:26:22-94
22
23    <application
23-->src\main\AndroidManifest.xml:6:5-28:19
24        android:allowBackup="true"
24-->src\main\AndroidManifest.xml:7:9-35
25        android:appComponentFactory="androidx.core.app.CoreComponentFactory"
25-->[androidx.core:core:1.9.0] AndroidManifest.xml:28:18-86
26        android:debuggable="true"
27        android:extractNativeLibs="false"
28        android:icon="@mipmap/ic_launcher"
28-->src\main\AndroidManifest.xml:8:9-43
29        android:label="@string/app_name"
29-->src\main\AndroidManifest.xml:9:9-41
30        android:supportsRtl="true"
30-->src\main\AndroidManifest.xml:10:9-35
31        android:testOnly="true"
32        android:theme="@style/Theme.RCStudentDiary" >
32-->src\main\AndroidManifest.xml:11:9-52
33        <activity
33-->src\main\AndroidManifest.xml:12:9-14:40
34            android:name="com.rcdiarycollegedept.admin_app.RegisterActivity"
34-->src\main\AndroidManifest.xml:13:13-45
35            android:exported="false" />
35-->src\main\AndroidManifest.xml:14:13-37
36        <activity
36-->src\main\AndroidManifest.xml:15:9-23:20
37            android:name="com.rcdiarycollegedept.admin_app.MainActivity"
37-->src\main\AndroidManifest.xml:16:13-41
38            android:exported="true" >
38-->src\main\AndroidManifest.xml:17:13-36
39            <intent-filter>
39-->src\main\AndroidManifest.xml:18:13-22:29
40                <action android:name="android.intent.action.MAIN" />
40-->src\main\AndroidManifest.xml:19:17-69
40-->src\main\AndroidManifest.xml:19:25-66
41
42                <category android:name="android.intent.category.LAUNCHER" />
42-->src\main\AndroidManifest.xml:21:17-77
42-->src\main\AndroidManifest.xml:21:27-74
43            </intent-filter>
44        </activity>
45
46        <meta-data
46-->src\main\AndroidManifest.xml:25:9-27:57
47            android:name="preloaded_fonts"
47-->src\main\AndroidManifest.xml:26:13-43
48            android:resource="@array/preloaded_fonts" />
48-->src\main\AndroidManifest.xml:27:13-54
49
50        <activity
50-->[com.google.firebase:firebase-auth:22.1.2] AndroidManifest.xml:29:9-46:20
51            android:name="com.google.firebase.auth.internal.GenericIdpActivity"
51-->[com.google.firebase:firebase-auth:22.1.2] AndroidManifest.xml:30:13-80
52            android:excludeFromRecents="true"
52-->[com.google.firebase:firebase-auth:22.1.2] AndroidManifest.xml:31:13-46
53            android:exported="true"
53-->[com.google.firebase:firebase-auth:22.1.2] AndroidManifest.xml:32:13-36
54            android:launchMode="singleTask"
54-->[com.google.firebase:firebase-auth:22.1.2] AndroidManifest.xml:33:13-44
55            android:theme="@android:style/Theme.Translucent.NoTitleBar" >
55-->[com.google.firebase:firebase-auth:22.1.2] AndroidManifest.xml:34:13-72
56            <intent-filter>
56-->[com.google.firebase:firebase-auth:22.1.2] AndroidManifest.xml:35:13-45:29
57                <action android:name="android.intent.action.VIEW" />
57-->[com.google.firebase:firebase-auth:22.1.2] AndroidManifest.xml:36:17-69
57-->[com.google.firebase:firebase-auth:22.1.2] AndroidManifest.xml:36:25-66
58
59                <category android:name="android.intent.category.DEFAULT" />
59-->[com.google.firebase:firebase-auth:22.1.2] AndroidManifest.xml:38:17-76
59-->[com.google.firebase:firebase-auth:22.1.2] AndroidManifest.xml:38:27-73
60                <category android:name="android.intent.category.BROWSABLE" />
60-->[com.google.firebase:firebase-auth:22.1.2] AndroidManifest.xml:39:17-78
60-->[com.google.firebase:firebase-auth:22.1.2] AndroidManifest.xml:39:27-75
61
62                <data
62-->[com.google.firebase:firebase-auth:22.1.2] AndroidManifest.xml:41:17-44:51
63                    android:host="firebase.auth"
63-->[com.google.firebase:firebase-auth:22.1.2] AndroidManifest.xml:42:21-49
64                    android:path="/"
64-->[com.google.firebase:firebase-auth:22.1.2] AndroidManifest.xml:43:21-37
65                    android:scheme="genericidp" />
65-->[com.google.firebase:firebase-auth:22.1.2] AndroidManifest.xml:44:21-48
66            </intent-filter>
67        </activity>
68        <activity
68-->[com.google.firebase:firebase-auth:22.1.2] AndroidManifest.xml:47:9-64:20
69            android:name="com.google.firebase.auth.internal.RecaptchaActivity"
69-->[com.google.firebase:firebase-auth:22.1.2] AndroidManifest.xml:48:13-79
70            android:excludeFromRecents="true"
70-->[com.google.firebase:firebase-auth:22.1.2] AndroidManifest.xml:49:13-46
71            android:exported="true"
71-->[com.google.firebase:firebase-auth:22.1.2] AndroidManifest.xml:50:13-36
72            android:launchMode="singleTask"
72-->[com.google.firebase:firebase-auth:22.1.2] AndroidManifest.xml:51:13-44
73            android:theme="@android:style/Theme.Translucent.NoTitleBar" >
73-->[com.google.firebase:firebase-auth:22.1.2] AndroidManifest.xml:52:13-72
74            <intent-filter>
74-->[com.google.firebase:firebase-auth:22.1.2] AndroidManifest.xml:53:13-63:29
75                <action android:name="android.intent.action.VIEW" />
75-->[com.google.firebase:firebase-auth:22.1.2] AndroidManifest.xml:36:17-69
75-->[com.google.firebase:firebase-auth:22.1.2] AndroidManifest.xml:36:25-66
76
77                <category android:name="android.intent.category.DEFAULT" />
77-->[com.google.firebase:firebase-auth:22.1.2] AndroidManifest.xml:38:17-76
77-->[com.google.firebase:firebase-auth:22.1.2] AndroidManifest.xml:38:27-73
78                <category android:name="android.intent.category.BROWSABLE" />
78-->[com.google.firebase:firebase-auth:22.1.2] AndroidManifest.xml:39:17-78
78-->[com.google.firebase:firebase-auth:22.1.2] AndroidManifest.xml:39:27-75
79
80                <data
80-->[com.google.firebase:firebase-auth:22.1.2] AndroidManifest.xml:41:17-44:51
81                    android:host="firebase.auth"
81-->[com.google.firebase:firebase-auth:22.1.2] AndroidManifest.xml:42:21-49
82                    android:path="/"
82-->[com.google.firebase:firebase-auth:22.1.2] AndroidManifest.xml:43:21-37
83                    android:scheme="recaptcha" />
83-->[com.google.firebase:firebase-auth:22.1.2] AndroidManifest.xml:44:21-48
84            </intent-filter>
85        </activity>
86
87        <service
87-->[com.google.firebase:firebase-auth:22.1.2] AndroidManifest.xml:66:9-72:19
88            android:name="com.google.firebase.components.ComponentDiscoveryService"
88-->[com.google.firebase:firebase-auth:22.1.2] AndroidManifest.xml:67:13-84
89            android:directBootAware="true"
89-->[com.google.firebase:firebase-common:20.4.2] AndroidManifest.xml:32:13-43
90            android:exported="false" >
90-->[com.google.firebase:firebase-auth:22.1.2] AndroidManifest.xml:68:13-37
91            <meta-data
91-->[com.google.firebase:firebase-auth:22.1.2] AndroidManifest.xml:69:13-71:85
92                android:name="com.google.firebase.components:com.google.firebase.auth.FirebaseAuthRegistrar"
92-->[com.google.firebase:firebase-auth:22.1.2] AndroidManifest.xml:70:17-109
93                android:value="com.google.firebase.components.ComponentRegistrar" />
93-->[com.google.firebase:firebase-auth:22.1.2] AndroidManifest.xml:71:17-82
94            <meta-data
94-->[com.google.firebase:firebase-database:20.2.2] AndroidManifest.xml:31:13-33:85
95                android:name="com.google.firebase.components:com.google.firebase.database.DatabaseRegistrar"
95-->[com.google.firebase:firebase-database:20.2.2] AndroidManifest.xml:32:17-109
96                android:value="com.google.firebase.components.ComponentRegistrar" />
96-->[com.google.firebase:firebase-database:20.2.2] AndroidManifest.xml:33:17-82
97            <meta-data
97-->[com.google.firebase:firebase-storage:20.3.0] AndroidManifest.xml:30:13-32:85
98                android:name="com.google.firebase.components:com.google.firebase.storage.FirebaseStorageKtxRegistrar"
98-->[com.google.firebase:firebase-storage:20.3.0] AndroidManifest.xml:31:17-118
99                android:value="com.google.firebase.components.ComponentRegistrar" />
99-->[com.google.firebase:firebase-storage:20.3.0] AndroidManifest.xml:32:17-82
100            <meta-data
100-->[com.google.firebase:firebase-storage:20.3.0] AndroidManifest.xml:33:13-35:85
101                android:name="com.google.firebase.components:com.google.firebase.storage.StorageRegistrar"
101-->[com.google.firebase:firebase-storage:20.3.0] AndroidManifest.xml:34:17-107
102                android:value="com.google.firebase.components.ComponentRegistrar" />
102-->[com.google.firebase:firebase-storage:20.3.0] AndroidManifest.xml:35:17-82
103            <meta-data
103-->[com.google.firebase:firebase-appcheck:17.1.0] AndroidManifest.xml:25:13-27:85
104                android:name="com.google.firebase.components:com.google.firebase.appcheck.FirebaseAppCheckKtxRegistrar"
104-->[com.google.firebase:firebase-appcheck:17.1.0] AndroidManifest.xml:26:17-120
105                android:value="com.google.firebase.components.ComponentRegistrar" />
105-->[com.google.firebase:firebase-appcheck:17.1.0] AndroidManifest.xml:27:17-82
106            <meta-data
106-->[com.google.firebase:firebase-appcheck:17.1.0] AndroidManifest.xml:28:13-30:85
107                android:name="com.google.firebase.components:com.google.firebase.appcheck.FirebaseAppCheckRegistrar"
107-->[com.google.firebase:firebase-appcheck:17.1.0] AndroidManifest.xml:29:17-117
108                android:value="com.google.firebase.components.ComponentRegistrar" />
108-->[com.google.firebase:firebase-appcheck:17.1.0] AndroidManifest.xml:30:17-82
109            <meta-data
109-->[com.google.firebase:firebase-common-ktx:20.4.2] AndroidManifest.xml:12:13-14:85
110                android:name="com.google.firebase.components:com.google.firebase.ktx.FirebaseCommonLegacyRegistrar"
110-->[com.google.firebase:firebase-common-ktx:20.4.2] AndroidManifest.xml:13:17-116
111                android:value="com.google.firebase.components.ComponentRegistrar" />
111-->[com.google.firebase:firebase-common-ktx:20.4.2] AndroidManifest.xml:14:17-82
112            <meta-data
112-->[com.google.android.gms:play-services-measurement-api:21.3.0] AndroidManifest.xml:31:13-33:85
113                android:name="com.google.firebase.components:com.google.firebase.analytics.connector.internal.AnalyticsConnectorRegistrar"
113-->[com.google.android.gms:play-services-measurement-api:21.3.0] AndroidManifest.xml:32:17-139
114                android:value="com.google.firebase.components.ComponentRegistrar" />
114-->[com.google.android.gms:play-services-measurement-api:21.3.0] AndroidManifest.xml:33:17-82
115            <meta-data
115-->[com.google.firebase:firebase-installations:17.1.3] AndroidManifest.xml:17:13-19:85
116                android:name="com.google.firebase.components:com.google.firebase.installations.FirebaseInstallationsRegistrar"
116-->[com.google.firebase:firebase-installations:17.1.3] AndroidManifest.xml:18:17-127
117                android:value="com.google.firebase.components.ComponentRegistrar" />
117-->[com.google.firebase:firebase-installations:17.1.3] AndroidManifest.xml:19:17-82
118            <meta-data
118-->[com.google.firebase:firebase-common:20.4.2] AndroidManifest.xml:35:13-37:85
119                android:name="com.google.firebase.components:com.google.firebase.FirebaseCommonKtxRegistrar"
119-->[com.google.firebase:firebase-common:20.4.2] AndroidManifest.xml:36:17-109
120                android:value="com.google.firebase.components.ComponentRegistrar" />
120-->[com.google.firebase:firebase-common:20.4.2] AndroidManifest.xml:37:17-82
121        </service>
122
123        <provider
123-->[com.google.firebase:firebase-common:20.4.2] AndroidManifest.xml:23:9-28:39
124            android:name="com.google.firebase.provider.FirebaseInitProvider"
124-->[com.google.firebase:firebase-common:20.4.2] AndroidManifest.xml:24:13-77
125            android:authorities="com.rcdiarycollegedept.admin_app.firebaseinitprovider"
125-->[com.google.firebase:firebase-common:20.4.2] AndroidManifest.xml:25:13-72
126            android:directBootAware="true"
126-->[com.google.firebase:firebase-common:20.4.2] AndroidManifest.xml:26:13-43
127            android:exported="false"
127-->[com.google.firebase:firebase-common:20.4.2] AndroidManifest.xml:27:13-37
128            android:initOrder="100" />
128-->[com.google.firebase:firebase-common:20.4.2] AndroidManifest.xml:28:13-36
129
130        <activity
130-->[com.google.android.gms:play-services-base:18.1.0] AndroidManifest.xml:20:9-22:45
131            android:name="com.google.android.gms.common.api.GoogleApiActivity"
131-->[com.google.android.gms:play-services-base:18.1.0] AndroidManifest.xml:20:19-85
132            android:exported="false"
132-->[com.google.android.gms:play-services-base:18.1.0] AndroidManifest.xml:22:19-43
133            android:theme="@android:style/Theme.Translucent.NoTitleBar" />
133-->[com.google.android.gms:play-services-base:18.1.0] AndroidManifest.xml:21:19-78
134
135        <receiver
135-->[com.google.android.gms:play-services-measurement:21.3.0] AndroidManifest.xml:29:9-33:20
136            android:name="com.google.android.gms.measurement.AppMeasurementReceiver"
136-->[com.google.android.gms:play-services-measurement:21.3.0] AndroidManifest.xml:30:13-85
137            android:enabled="true"
137-->[com.google.android.gms:play-services-measurement:21.3.0] AndroidManifest.xml:31:13-35
138            android:exported="false" >
138-->[com.google.android.gms:play-services-measurement:21.3.0] AndroidManifest.xml:32:13-37
139        </receiver>
140
141        <service
141-->[com.google.android.gms:play-services-measurement:21.3.0] AndroidManifest.xml:35:9-38:40
142            android:name="com.google.android.gms.measurement.AppMeasurementService"
142-->[com.google.android.gms:play-services-measurement:21.3.0] AndroidManifest.xml:36:13-84
143            android:enabled="true"
143-->[com.google.android.gms:play-services-measurement:21.3.0] AndroidManifest.xml:37:13-35
144            android:exported="false" />
144-->[com.google.android.gms:play-services-measurement:21.3.0] AndroidManifest.xml:38:13-37
145        <service
145-->[com.google.android.gms:play-services-measurement:21.3.0] AndroidManifest.xml:39:9-43:72
146            android:name="com.google.android.gms.measurement.AppMeasurementJobService"
146-->[com.google.android.gms:play-services-measurement:21.3.0] AndroidManifest.xml:40:13-87
147            android:enabled="true"
147-->[com.google.android.gms:play-services-measurement:21.3.0] AndroidManifest.xml:41:13-35
148            android:exported="false"
148-->[com.google.android.gms:play-services-measurement:21.3.0] AndroidManifest.xml:42:13-37
149            android:permission="android.permission.BIND_JOB_SERVICE" />
149-->[com.google.android.gms:play-services-measurement:21.3.0] AndroidManifest.xml:43:13-69
150
151        <meta-data
151-->[com.google.android.gms:play-services-basement:18.1.0] AndroidManifest.xml:21:9-23:69
152            android:name="com.google.android.gms.version"
152-->[com.google.android.gms:play-services-basement:18.1.0] AndroidManifest.xml:22:13-58
153            android:value="@integer/google_play_services_version" />
153-->[com.google.android.gms:play-services-basement:18.1.0] AndroidManifest.xml:23:13-66
154
155        <provider
155-->[androidx.emoji2:emoji2:1.2.0] AndroidManifest.xml:24:9-32:20
156            android:name="androidx.startup.InitializationProvider"
156-->[androidx.emoji2:emoji2:1.2.0] AndroidManifest.xml:25:13-67
157            android:authorities="com.rcdiarycollegedept.admin_app.androidx-startup"
157-->[androidx.emoji2:emoji2:1.2.0] AndroidManifest.xml:26:13-68
158            android:exported="false" >
158-->[androidx.emoji2:emoji2:1.2.0] AndroidManifest.xml:27:13-37
159            <meta-data
159-->[androidx.emoji2:emoji2:1.2.0] AndroidManifest.xml:29:13-31:52
160                android:name="androidx.emoji2.text.EmojiCompatInitializer"
160-->[androidx.emoji2:emoji2:1.2.0] AndroidManifest.xml:30:17-75
161                android:value="androidx.startup" />
161-->[androidx.emoji2:emoji2:1.2.0] AndroidManifest.xml:31:17-49
162            <meta-data
162-->[androidx.lifecycle:lifecycle-process:2.4.1] AndroidManifest.xml:31:13-33:52
163                android:name="androidx.lifecycle.ProcessLifecycleInitializer"
163-->[androidx.lifecycle:lifecycle-process:2.4.1] AndroidManifest.xml:32:17-78
164                android:value="androidx.startup" />
164-->[androidx.lifecycle:lifecycle-process:2.4.1] AndroidManifest.xml:33:17-49
165        </provider>
166    </application>
167
168</manifest>